/*C3*/SET SCHEMA PUBLIC
drop table person if exists
create table person(name varchar(20) not null,photo varchar(20),age integer,status varchar(20), state varchar(20),gender varchar(20),primary key(name))
drop table parent if exists
create table parent(name varchar(20) not null, type varchar(20),parent1 varchar(20),parent2 varchar(20))
drop table relation if exists
create table relation(name1 varchar(20) not null,name2 varchar(20),relation varchar(20))
INSERT INTO RELATION VALUES('Alex Smith','Ben Turner','friends')
COMMIT
INSERT INTO RELATION VALUES('Ben Turner','Zoe Foster','couple')
COMMIT
INSERT INTO RELATION VALUES('Ben Turner','Mark Turner','parent')
COMMIT
INSERT INTO RELATION VALUES('Mark Turner','Zoe Foster','parent')
COMMIT
INSERT INTO PERSON VALUES('Alex Smith','',21,'student at RMIT','WA','M')
COMMIT
INSERT INTO PERSON VALUES('Ben Turner','BenPhoto.jpg',35,'manager at Coles','VIC','M')
COMMIT
INSERT INTO PERSON VALUES('Zoe Foster','',28,'Founder of ZFX','VIC','F')
COMMIT
INSERT INTO PERSON VALUES('Mark Turner','Mark.jpeg',2,'','VIC','M')
COMMIT
INSERT INTO PARENT VALUES('Mark Turner','YOUNGCHILD','Zoe Foster','Ben Turner')
COMMIT
INSERT INTO PERSON VALUES('sda','asd',29,'asd','NT','F')
COMMIT
